# JRE version: Java(TM) SE Runtime Environment (8.0_144-b01) (build 1.8.0_144-b01)
# Java VM: Java HotSpot(TM) 64-Bit Server VM (25.144-b01 mixed mode linux-amd64 compressed oops)
Heap:
 PSYoungGen      total 1093120K, used 1092775K [0x0000730cdd300000, 0x0000730d31000000, 0x0000730d31000000)
  eden space 1089536K, 100% used [0x0000730cdd300000,0x0000730d1fb00000,0x0000730d1fb00000)
  from space 3584K, 90% used [0x0000730d1fb00000,0x0000730d1fe29e10,0x0000730d1fe80000)
  to   space 147456K, 0% used [0x0000730d28000000,0x0000730d28000000,0x0000730d31000000)
 ParOldGen       total 2349056K, used 2274535K [0x0000730c35800000, 0x0000730cc4e00000, 0x0000730cdd300000)
  object space 2349056K, 96% used [0x0000730c35800000,0x0000730cc0539e80,0x0000730cc4e00000)
 Metaspace       used 31260K, capacity 31632K, committed 32000K, reserved 1077248K
  class space    used 3101K, capacity 3208K, committed 3328K, reserved 1048576K
GC Heap History (10 events):
Event: 814.755 GC heap before
{Heap before GC invocations=322 (full 13):
 PSYoungGen      total 1234432K, used 1157813K [0x0000730cdd300000, 0x0000730d30800000, 0x0000730d31000000)
  eden space 1113088K, 95% used [0x0000730cdd300000,0x0000730d1e0e7d18,0x0000730d21200000)
  from space 121344K, 78% used [0x0000730d29180000,0x0000730d2ee459a0,0x0000730d30800000)
  to   space 125952K, 0% used [0x0000730d21200000,0x0000730d21200000,0x0000730d28d00000)
 ParOldGen       total 1329664K, used 1048049K [0x0000730c35800000, 0x0000730c86a80000, 0x0000730cdd300000)
  object space 1329664K, 78% used [0x0000730c35800000,0x0000730c7577c7d0,0x0000730c86a80000)
 Metaspace       used 31260K, capacity 31632K, committed 32000K, reserved 1077248K
  class space    used 3101K, capacity 3208K, committed 3328K, reserved 1048576K
Event: 814.779 GC heap after
Heap after GC invocations=322 (full 13):
 PSYoungGen      total 1239040K, used 93950K [0x0000730cdd300000, 0x0000730d30f80000, 0x0000730d31000000)
  eden space 1113088K, 0% used [0x0000730cdd300000,0x0000730cdd300000,0x0000730d21200000)
  from space 125952K, 74% used [0x0000730d21200000,0x0000730d26dbf998,0x0000730d28d00000)
  to   space 123392K, 0% used [0x0000730d29700000,0x0000730d29700000,0x0000730d30f80000)
 ParOldGen       total 1329664K, used 1050256K [0x0000730c35800000, 0x0000730c86a80000, 0x0000730cdd300000)
  object space 1329664K, 78% used [0x0000730c35800000,0x0000730c759a4058,0x0000730c86a80000)
 Metaspace       used 31260K, capacity 31632K, committed 32000K, reserved 1077248K
  class space    used 3101K, capacity 3208K, committed 3328K, reserved 1048576K
}
Event: 814.960 GC heap before
{Heap before GC invocations=323 (full 13):
 PSYoungGen      total 1239040K, used 1169179K [0x0000730cdd300000, 0x0000730d30f80000, 0x0000730d31000000)
  eden space 1113088K, 96% used [0x0000730cdd300000,0x0000730d1ed07318,0x0000730d21200000)
  from space 125952K, 74% used [0x0000730d21200000,0x0000730d26dbf998,0x0000730d28d00000)
  to   space 123392K, 0% used [0x0000730d29700000,0x0000730d29700000,0x0000730d30f80000)
 ParOldGen       total 1329664K, used 1050256K [0x0000730c35800000, 0x0000730c86a80000, 0x0000730cdd300000)
  object space 1329664K, 78% used [0x0000730c35800000,0x0000730c759a4058,0x0000730c86a80000)
 Metaspace       used 31260K, capacity 31632K, committed 32000K, reserved 1077248K
  class space    used 3101K, capacity 3208K, committed 3328K, reserved 1048576K
Event: 814.987 GC heap after
Heap after GC invocations=323 (full 13):
 PSYoungGen      total 1241088K, used 95670K [0x0000730cdd300000, 0x0000730d30980000, 0x0000730d31000000)
  eden space 1123840K, 0% used [0x0000730cdd300000,0x0000730cdd300000,0x0000730d21c80000)
  from space 117248K, 81% used [0x0000730d29700000,0x0000730d2f46dae8,0x0000730d30980000)
  to   space 121344K, 0% used [0x0000730d21c80000,0x0000730d21c80000,0x0000730d29300000)
 ParOldGen       total 1329664K, used 1051598K [0x0000730c35800000, 0x0000730c86a80000, 0x0000730cdd300000)
  object space 1329664K, 79% used [0x0000730c35800000,0x0000730c75af3880,0x0000730c86a80000)
 Metaspace       used 31260K, capacity 31632K, committed 32000K, reserved 1077248K
  class space    used 3101K, capacity 3208K, committed 3328K, reserved 1048576K
}
Event: 815.199 GC heap before
{Heap before GC invocations=324 (full 13):
 PSYoungGen      total 1241088K, used 1158932K [0x0000730cdd300000, 0x0000730d30980000, 0x0000730d31000000)
  eden space 1123840K, 94% used [0x0000730cdd300000,0x0000730d1e157840,0x0000730d21c80000)
  from space 117248K, 81% used [0x0000730d29700000,0x0000730d2f46dae8,0x0000730d30980000)
  to   space 121344K, 0% used [0x0000730d21c80000,0x0000730d21c80000,0x0000730d29300000)
 ParOldGen       total 1329664K, used 1143892K [0x0000730c35800000, 0x0000730c86a80000, 0x0000730cdd300000)
  object space 1329664K, 86% used [0x0000730c35800000,0x0000730c7b515170,0x0000730c86a80000)
 Metaspace       used 31260K, capacity 31632K, committed 32000K, reserved 1077248K
  class space    used 3101K, capacity 3208K, committed 3328K, reserved 1048576K
Event: 815.208 GC heap after
Heap after GC invocations=324 (full 13):
 PSYoungGen      total 1126400K, used 2386K [0x0000730cdd300000, 0x0000730d31000000, 0x0000730d31000000)
  eden space 1123840K, 0% used [0x0000730cdd300000,0x0000730cdd300000,0x0000730d21c80000)
  from space 2560K, 93% used [0x0000730d21c80000,0x0000730d21ed4a20,0x0000730d21f00000)
  to   space 134144K, 0% used [0x0000730d28d00000,0x0000730d28d00000,0x0000730d31000000)
 ParOldGen       total 1329664K, used 1146804K [0x0000730c35800000, 0x0000730c86a80000, 0x0000730cdd300000)
  object space 1329664K, 86% used [0x0000730c35800000,0x0000730c7b7ed1c8,0x0000730c86a80000)
 Metaspace       used 31260K, capacity 31632K, committed 32000K, reserved 1077248K
  class space    used 3101K, capacity 3208K, committed 3328K, reserved 1048576K
}
Event: 815.562 GC heap before
{Heap before GC invocations=325 (full 13):
 PSYoungGen      total 1126400K, used 1126226K [0x0000730cdd300000, 0x0000730d31000000, 0x0000730d31000000)
  eden space 1123840K, 100% used [0x0000730cdd300000,0x0000730d21c80000,0x0000730d21c80000)
  from space 2560K, 93% used [0x0000730d21c80000,0x0000730d21ed4a20,0x0000730d21f00000)
  to   space 134144K, 0% used [0x0000730d28d00000,0x0000730d28d00000,0x0000730d31000000)
 ParOldGen       total 1515008K, used 1435160K [0x0000730c35800000, 0x0000730c91f80000, 0x0000730cdd300000)
  object space 1515008K, 94% used [0x0000730c35800000,0x0000730c8d1861e8,0x0000730c91f80000)
 Metaspace       used 31260K, capacity 31632K, committed 32000K, reserved 1077248K
  class space    used 3101K, capacity 3208K, committed 3328K, reserved 1048576K
Event: 815.575 GC heap after
Heap after GC invocations=325 (full 13):
 PSYoungGen      total 1223680K, used 7455K [0x0000730cdd300000, 0x0000730d31000000, 0x0000730d31000000)
  eden space 1089536K, 0% used [0x0000730cdd300000,0x0000730cdd300000,0x0000730d1fb00000)
  from space 134144K, 5% used [0x0000730d28d00000,0x0000730d29447e18,0x0000730d31000000)
  to   space 141824K, 0% used [0x0000730d1fb00000,0x0000730d1fb00000,0x0000730d28580000)
 ParOldGen       total 1515008K, used 1437010K [0x0000730c35800000, 0x0000730c91f80000, 0x0000730cdd300000)
  object space 1515008K, 94% used [0x0000730c35800000,0x0000730c8d3549b8,0x0000730c91f80000)
 Metaspace       used 31260K, capacity 31632K, committed 32000K, reserved 1077248K
  class space    used 3101K, capacity 3208K, committed 3328K, reserved 1048576K
}
Event: 815.808 GC heap before
{Heap before GC invocations=326 (full 13):
 PSYoungGen      total 1223680K, used 1018908K [0x0000730cdd300000, 0x0000730d31000000, 0x0000730d31000000)
  eden space 1089536K, 92% used [0x0000730cdd300000,0x0000730d1aebf280,0x0000730d1fb00000)
  from space 134144K, 5% used [0x0000730d28d00000,0x0000730d29447e18,0x0000730d31000000)
  to   space 141824K, 0% used [0x0000730d1fb00000,0x0000730d1fb00000,0x0000730d28580000)
 ParOldGen       total 1607680K, used 1529304K [0x0000730c35800000, 0x0000730c97a00000, 0x0000730cdd300000)
  object space 1607680K, 95% used [0x0000730c35800000,0x0000730c92d762d8,0x0000730c97a00000)
 Metaspace       used 31260K, capacity 31632K, committed 32000K, reserved 1077248K
  class space    used 3101K, capacity 3208K, committed 3328K, reserved 1048576K
Event: 815.821 GC heap after
Heap after GC invocations=326 (full 13):
 PSYoungGen      total 1093120K, used 3239K [0x0000730cdd300000, 0x0000730d31000000, 0x0000730d31000000)
  eden space 1089536K, 0% used [0x0000730cdd300000,0x0000730cdd300000,0x0000730d1fb00000)
  from space 3584K, 90% used [0x0000730d1fb00000,0x0000730d1fe29e10,0x0000730d1fe80000)
  to   space 147456K, 0% used [0x0000730d28000000,0x0000730d28000000,0x0000730d31000000)
 ParOldGen       total 1607680K, used 1536181K [0x0000730c35800000, 0x0000730c97a00000, 0x0000730cdd300000)
  object space 1607680K, 95% used [0x0000730c35800000,0x0000730c9342d4a0,0x0000730c97a00000)
 Metaspace       used 31260K, capacity 31632K, committed 32000K, reserved 1077248K
  class space    used 3101K, capacity 3208K, committed 3328K, reserved 1048576K
}

